Determining if the pthread_create exist failed with the following output:
Change Dir: /home/jigao/Workspace/CMU15-445-2017/cmake-build-debug/CMakeFiles/CMakeTmp

Run Build Command(s):/usr/bin/make cmTC_fa703/fast 
/usr/bin/make -f CMakeFiles/cmTC_fa703.dir/build.make CMakeFiles/cmTC_fa703.dir/build
make[1]: Entering directory '/home/jigao/Workspace/CMU15-445-2017/cmake-build-debug/CMakeFiles/CMakeTmp'
Building C object CMakeFiles/cmTC_fa703.dir/CheckSymbolExists.c.o
/usr/bin/cc    -o CMakeFiles/cmTC_fa703.dir/CheckSymbolExists.c.o   -c /home/jigao/Workspace/CMU15-445-2017/cmake-build-debug/CMakeFiles/CMakeTmp/CheckSymbolExists.c
Linking C executable cmTC_fa703
/opt/clion-2019.1/bin/cmake/linux/bin/cmake -E cmake_link_script CMakeFiles/cmTC_fa703.dir/link.txt --verbose=1
/usr/bin/cc      -rdynamic CMakeFiles/cmTC_fa703.dir/CheckSymbolExists.c.o  -o cmTC_fa703 
CMakeFiles/cmTC_fa703.dir/CheckSymbolExists.c.o: In function `main':
CheckSymbolExists.c:(.text+0x1b): undefined reference to `pthread_create'
collect2: error: ld returned 1 exit status
CMakeFiles/cmTC_fa703.dir/build.make:86: recipe for target 'cmTC_fa703' failed
make[1]: *** [cmTC_fa703] Error 1
make[1]: Leaving directory '/home/jigao/Workspace/CMU15-445-2017/cmake-build-debug/CMakeFiles/CMakeTmp'
Makefile:121: recipe for target 'cmTC_fa703/fast' failed
make: *** [cmTC_fa703/fast] Error 2

File /home/jigao/Workspace/CMU15-445-2017/cmake-build-debug/CMakeFiles/CMakeTmp/CheckSymbolExists.c:
/* */
#include <pthread.h>

int main(int argc, char** argv)
{
  (void)argv;
#ifndef pthread_create
  return ((int*)(&pthread_create))[argc];
#else
  (void)argc;
  return 0;
#endif
}

Determining if the function pthread_create exists in the pthreads failed with the following output:
Change Dir: /home/jigao/Workspace/CMU15-445-2017/cmake-build-debug/CMakeFiles/CMakeTmp

Run Build Command(s):/usr/bin/make cmTC_a7b53/fast 
/usr/bin/make -f CMakeFiles/cmTC_a7b53.dir/build.make CMakeFiles/cmTC_a7b53.dir/build
make[1]: Entering directory '/home/jigao/Workspace/CMU15-445-2017/cmake-build-debug/CMakeFiles/CMakeTmp'
Building C object CMakeFiles/cmTC_a7b53.dir/CheckFunctionExists.c.o
/usr/bin/cc   -DCHECK_FUNCTION_EXISTS=pthread_create   -o CMakeFiles/cmTC_a7b53.dir/CheckFunctionExists.c.o   -c /opt/clion-2019.1/bin/cmake/linux/share/cmake-3.14/Modules/CheckFunctionExists.c
Linking C executable cmTC_a7b53
/opt/clion-2019.1/bin/cmake/linux/bin/cmake -E cmake_link_script CMakeFiles/cmTC_a7b53.dir/link.txt --verbose=1
/usr/bin/cc  -DCHECK_FUNCTION_EXISTS=pthread_create    -rdynamic CMakeFiles/cmTC_a7b53.dir/CheckFunctionExists.c.o  -o cmTC_a7b53 -lpthreads 
/usr/bin/ld: cannot find -lpthreads
collect2: error: ld returned 1 exit status
CMakeFiles/cmTC_a7b53.dir/build.make:86: recipe for target 'cmTC_a7b53' failed
make[1]: *** [cmTC_a7b53] Error 1
make[1]: Leaving directory '/home/jigao/Workspace/CMU15-445-2017/cmake-build-debug/CMakeFiles/CMakeTmp'
Makefile:121: recipe for target 'cmTC_a7b53/fast' failed
make: *** [cmTC_a7b53/fast] Error 2


